[    0.000000] Initializing cgroup subsys cpuset
[    0.000000] Initializing cgroup subsys cpu
[    0.000000] Initializing cgroup subsys cpuacct
[    0.000000] Linux version 4.4.0-127-generic (buildd@lcy01-amd64-023) (gcc version 5.4.0 20160609 (Ubuntu 5.4.0-6ubuntu1~16.04.9) ) #153-Ubuntu SMP Sat May 19 10:58:46 UTC 2018 (Ubuntu 4.4.0-127.153-generic 4.4.128)
[    0.000000] Command line: BOOT_IMAGE=/boot/vmlinuz-4.4.0-127-generic root=LABEL=cloudimg-rootfs ro console=tty1 console=ttyS0
[    0.000000] KERNEL supported cpus:
[    0.000000]   Intel GenuineIntel
[    0.000000]   AMD AuthenticAMD
[    0.000000]   Centaur CentaurHauls
[    0.000000] x86/fpu: xstate_offset[2]:  576, xstate_sizes[2]:  256
[    0.000000] x86/fpu: Supporting XSAVE feature 0x01: 'x87 floating point registers'
[    0.000000] x86/fpu: Supporting XSAVE feature 0x02: 'SSE registers'
[    0.000000] x86/fpu: Supporting XSAVE feature 0x04: 'AVX registers'
[    0.000000] x86/fpu: Enabled xstate features 0x7, context size is 832 bytes, using 'standard' format.
[    0.000000] x86/fpu: Using 'lazy' FPU context switches.
[    0.000000] e820: BIOS-provided physical RAM map:
[    0.000000] BIOS-e820: [mem 0x0000000000000000-0x000000000009fbff] usable
[    0.000000] BIOS-e820: [mem 0x000000000009fc00-0x000000000009ffff] reserved
[    0.000000] BIOS-e820: [mem 0x00000000000f0000-0x00000000000fffff] reserved
[    0.000000] BIOS-e820: [mem 0x0000000000100000-0x000000003ffeffff] usable
[    0.000000] BIOS-e820: [mem 0x000000003fff0000-0x000000003fffffff] ACPI data
[    0.000000] BIOS-e820: [mem 0x00000000fec00000-0x00000000fec00fff] reserved
[    0.000000] BIOS-e820: [mem 0x00000000fee00000-0x00000000fee00fff] reserved
[    0.000000] BIOS-e820: [mem 0x00000000fffc0000-0x00000000ffffffff] reserved
[    0.000000] NX (Execute Disable) protection: active
[    0.000000] SMBIOS 2.5 present.
[    0.000000] Hypervisor detected: KVM
[    0.000000] e820: last_pfn = 0x3fff0 max_arch_pfn = 0x400000000
[    0.000000] MTRR: Disabled
[    0.000000] x86/PAT: MTRRs disabled, skipping PAT initialization too.
[    0.000000] CPU MTRRs all blank - virtualized system.
[    0.000000] x86/PAT: Configuration [0-7]: WB  WT  UC- UC  WB  WT  UC- UC  
[    0.000000] found SMP MP-table at [mem 0x0009fff0-0x0009ffff] mapped at [ffff88000009fff0]
[    0.000000] Scanning 1 areas for low memory corruption
[    0.000000] RAMDISK: [mem 0x36a96000-0x37542fff]
[    0.000000] ACPI: Early table checksum verification disabled
[    0.000000] ACPI: RSDP 0x00000000000E0000 000024 (v02 VBOX  )
[    0.000000] ACPI: XSDT 0x000000003FFF0030 00003C (v01 VBOX   VBOXXSDT 00000001 ASL  00000061)
[    0.000000] ACPI: FACP 0x000000003FFF00F0 0000F4 (v04 VBOX   VBOXFACP 00000001 ASL  00000061)
[    0.000000] ACPI: DSDT 0x000000003FFF0470 0021FF (v02 VBOX   VBOXBIOS 00000002 INTL 20160108)
[    0.000000] ACPI: FACS 0x000000003FFF0200 000040
[    0.000000] ACPI: FACS 0x000000003FFF0200 000040
[    0.000000] ACPI: APIC 0x000000003FFF0240 00005C (v02 VBOX   VBOXAPIC 00000001 ASL  00000061)
[    0.000000] ACPI: SSDT 0x000000003FFF02A0 0001CC (v01 VBOX   VBOXCPUT 00000002 INTL 20160108)
[    0.000000] No NUMA configuration found
[    0.000000] Faking a node at [mem 0x0000000000000000-0x000000003ffeffff]
[    0.000000] NODE_DATA(0) allocated [mem 0x3ffeb000-0x3ffeffff]
[    0.000000] kvm-clock: Using msrs 4b564d01 and 4b564d00
[    0.000000] kvm-clock: cpu 0, msr 0:3ffe3001, primary cpu clock
[    0.000000] kvm-clock: using sched offset of 3465179891 cycles
[    0.000000] clocksource: kvm-clock: mask: 0xffffffffffffffff max_cycles: 0x1cd42e4dffb, max_idle_ns: 881590591483 ns
[    0.000000] Zone ranges:
[    0.000000]   DMA      [mem 0x0000000000001000-0x0000000000ffffff]
[    0.000000]   DMA32    [mem 0x0000000001000000-0x000000003ffeffff]
[    0.000000]   Normal   empty
[    0.000000]   Device   empty
[    0.000000] Movable zone start for each node
[    0.000000] Early memory node ranges
[    0.000000]   node   0: [mem 0x0000000000001000-0x000000000009efff]
[    0.000000]   node   0: [mem 0x0000000000100000-0x000000003ffeffff]
[    0.000000] Initmem setup node 0 [mem 0x0000000000001000-0x000000003ffeffff]
[    0.000000] ACPI: PM-Timer IO Port: 0x4008
[    0.000000] IOAPIC[0]: apic_id 2, version 32, address 0xfec00000, GSI 0-23
[    0.000000] ACPI: INT_SRC_OVR (bus 0 bus_irq 0 global_irq 2 dfl dfl)
[    0.000000] ACPI: INT_SRC_OVR (bus 0 bus_irq 9 global_irq 9 high level)
[    0.000000] Using ACPI (MADT) for SMP configuration information
[    0.000000] smpboot: Allowing 2 CPUs, 0 hotplug CPUs
[    0.000000] PM: Registered nosave memory: [mem 0x00000000-0x00000fff]
[    0.000000] PM: Registered nosave memory: [mem 0x0009f000-0x0009ffff]
[    0.000000] PM: Registered nosave memory: [mem 0x000a0000-0x000effff]
[    0.000000] PM: Registered nosave memory: [mem 0x000f0000-0x000fffff]
[    0.000000] e820: [mem 0x40000000-0xfebfffff] available for PCI devices
[    0.000000] Booting paravirtualized kernel on KVM
[    0.000000] clocksource: refined-jiffies: mask: 0xffffffff max_cycles: 0xffffffff, max_idle_ns: 7645519600211568 ns
[    0.000000] setup_percpu: NR_CPUS:512 nr_cpumask_bits:512 nr_cpu_ids:2 nr_node_ids:1
[    0.000000] PERCPU: Embedded 34 pages/cpu @ffff88003fc00000 s99544 r8192 d31528 u1048576
[    0.000000] PV qspinlock hash table entries: 256 (order: 0, 4096 bytes)
[    0.000000] Built 1 zonelists in Node order, mobility grouping on.  Total pages: 257912
[    0.000000] Policy zone: DMA32
[    0.000000] Kernel command line: BOOT_IMAGE=/boot/vmlinuz-4.4.0-127-generic root=LABEL=cloudimg-rootfs ro console=tty1 console=ttyS0
[    0.000000] PID hash table entries: 4096 (order: 3, 32768 bytes)
[    0.000000] Memory: 1001588K/1048120K available (8537K kernel code, 1313K rwdata, 4000K rodata, 1512K init, 1316K bss, 46532K reserved, 0K cma-reserved)
[    0.000000] SLUB: HWalign=64, Order=0-3, MinObjects=0, CPUs=2, Nodes=1
[    0.000000] Kernel/User page tables isolation: enabled
[    0.000000] Hierarchical RCU implementation.
[    0.000000] 	Build-time adjustment of leaf fanout to 64.
[    0.000000] 	RCU restricting CPUs from NR_CPUS=512 to nr_cpu_ids=2.
[    0.000000] RCU: Adjusting geometry for rcu_fanout_leaf=64, nr_cpu_ids=2
[    0.000000] NR_IRQS:33024 nr_irqs:440 16
[    0.000000] Console: colour VGA+ 80x25
[    0.000000] console [tty1] enabled
[    0.000000] console [ttyS0] enabled
[    0.000000] tsc: Detected 2095.240 MHz processor
[    1.452001] Calibrating delay loop (skipped) preset value.. 4190.48 BogoMIPS (lpj=8380960)
[    1.453964] pid_max: default: 32768 minimum: 301
[    1.455077] ACPI: Core revision 20150930
[    1.456979] ACPI: 2 ACPI AML tables successfully acquired and loaded
[    1.459154] Security Framework initialized
[    1.539952] Yama: becoming mindful.
[    1.570877] AppArmor: AppArmor initialized
[    1.571782] Dentry cache hash table entries: 131072 (order: 8, 1048576 bytes)
[    1.573694] Inode-cache hash table entries: 65536 (order: 7, 524288 bytes)
[    1.576065] Mount-cache hash table entries: 2048 (order: 2, 16384 bytes)
[    1.577269] Mountpoint-cache hash table entries: 2048 (order: 2, 16384 bytes)
[    1.617284] Initializing cgroup subsys io
[    1.627239] Initializing cgroup subsys memory
[    1.642070] Initializing cgroup subsys devices
[    1.677278] Initializing cgroup subsys freezer
[    1.692436] Initializing cgroup subsys net_cls
[    1.693342] Initializing cgroup subsys perf_event
[    1.694236] Initializing cgroup subsys net_prio
[    1.695148] Initializing cgroup subsys hugetlb
[    1.696006] Initializing cgroup subsys pids
[    1.696908] CPU: Physical Processor ID: 0
[    1.697655] CPU: Processor Core ID: 0
[    1.699223] mce: CPU supports 0 MCE banks
[    1.719381] Last level iTLB entries: 4KB 512, 2MB 8, 4MB 8
[    1.735731] Last level dTLB entries: 4KB 512, 2MB 32, 4MB 32, 1GB 0
[    1.736758] Spectre V2 : Mitigation: Full generic retpoline
[    1.737746] Spectre V2 : Speculation control IBPB not-supported IBRS not-supported
[    1.739450] Speculative Store Bypass: Vulnerable
[    1.743703] Freeing SMP alternatives memory: 32K
[    1.756785] ftrace: allocating 32237 entries in 126 pages
[    1.828910] smpboot: APIC(0) Converting physical 0 to logical package 0
[    1.949072] smpboot: Max logical packages: 1
[    1.951973] x2apic enabled
[    1.952783] Switched APIC routing to physical x2apic.
[    1.954876] ..TIMER: vector=0x30 apic1=0 pin1=2 apic2=-1 pin2=-1
[    2.062605] smpboot: CPU0: Intel(R) Core(TM) i7-3612QM CPU @ 2.10GHz (family: 0x6, model: 0x3a, stepping: 0x9)
[    2.310792] Performance Events: unsupported p6 CPU model 58 no PMU driver, software events only.
[    2.407969] KVM setup paravirtual spinlock
[    2.409490] x86: Booting SMP configuration:
[    2.410266] .... node  #0, CPUs:      #1
[    2.411182] kvm-clock: cpu 1, msr 0:3ffe3041, secondary cpu clock
[    2.412602] mce: CPU supports 0 MCE banks
[    2.415314] x86: Booted up 1 node, 2 CPUs
[    2.424629] smpboot: Total of 2 processors activated (8380.96 BogoMIPS)
[    2.426326] devtmpfs: initialized
[    2.428883] evm: security.selinux
[    2.493089] evm: security.SMACK64
[    2.576795] evm: security.SMACK64EXEC
[    2.680636] evm: security.SMACK64TRANSMUTE
[    2.789923] evm: security.SMACK64MMAP
[    2.798817] evm: security.ima
[    2.876255] evm: security.capability
[    2.983622] clocksource: jiffies: mask: 0xffffffff max_cycles: 0xffffffff, max_idle_ns: 7645041785100000 ns
[    3.227158] futex hash table entries: 512 (order: 3, 32768 bytes)
[    3.354060] pinctrl core: initialized pinctrl subsystem
[    3.438122] RTC time: 15:26:33, date: 06/11/18
[    3.534851] NET: Registered protocol family 16
[    3.630736] cpuidle: using governor ladder
[    3.703237] cpuidle: using governor menu
[    3.790449] PCCT header not found.
[    3.871856] ACPI: bus type PCI registered
[    3.983951] acpiphp: ACPI Hot Plug PCI Controller Driver version: 0.5
[    4.012081] PCI: Using configuration type 1 for base access
[    4.024638] ACPI: Added _OSI(Module Device)
[    4.040826] ACPI: Added _OSI(Processor Device)
[    4.049215] ACPI: Added _OSI(3.0 _SCP Extensions)
[    4.138782] ACPI: Added _OSI(Processor Aggregator Device)
[    4.147034] ACPI: Executed 1 blocks of module-level executable AML code
[    4.327266] ACPI: Interpreter enabled
[    4.412765] ACPI: (supports S0 S5)
[    4.498782] ACPI: Using IOAPIC for interrupt routing
[    4.607369] PCI: Using host bridge windows from ACPI; if necessary, use "pci=nocrs" and report a bug
[    4.690247] ACPI: PCI Root Bridge [PCI0] (domain 0000 [bus 00-ff])
[    4.773740] acpi PNP0A03:00: _OSC: OS supports [ASPM ClockPM Segments MSI]
[    4.788422] acpi PNP0A03:00: _OSC: not requesting OS control; OS requires [ExtendedConfig ASPM ClockPM MSI]
[    4.825148] acpi PNP0A03:00: fail to add MMCONFIG information, can't access extended PCI configuration space under this bridge.
[    5.114571] PCI host bridge to bus 0000:00
[    5.234613] pci_bus 0000:00: root bus resource [io  0x0000-0x0cf7 window]
[    5.431290] pci_bus 0000:00: root bus resource [io  0x0d00-0xffff window]
[    5.598282] pci_bus 0000:00: root bus resource [mem 0x000a0000-0x000bffff window]
[    5.784005] pci_bus 0000:00: root bus resource [mem 0x40000000-0xffdfffff window]
[    5.810680] pci_bus 0000:00: root bus resource [bus 00-ff]
[    5.828270] pci 0000:00:01.1: legacy IDE quirk: reg 0x10: [io  0x01f0-0x01f7]
[    5.954972] pci 0000:00:01.1: legacy IDE quirk: reg 0x14: [io  0x03f6]
[    6.091503] pci 0000:00:01.1: legacy IDE quirk: reg 0x18: [io  0x0170-0x0177]
[    6.297595] pci 0000:00:01.1: legacy IDE quirk: reg 0x1c: [io  0x0376]
[    6.450222] pci 0000:00:07.0: quirk: [io  0x4000-0x403f] claimed by PIIX4 ACPI
[    6.597913] pci 0000:00:07.0: quirk: [io  0x4100-0x410f] claimed by PIIX4 SMB
[    6.781552] ACPI: PCI Interrupt Link [LNKA] (IRQs 5 9 10 *11)
[    6.791144] ACPI: PCI Interrupt Link [LNKB] (IRQs 5 9 10 *11)
[    6.931924] ACPI: PCI Interrupt Link [LNKC] (IRQs 5 9 *10 11)
[    7.033410] ACPI: PCI Interrupt Link [LNKD] (IRQs 5 *9 10 11)
[    7.117655] ACPI: Enabled 2 GPEs in block 00 to 07
[    7.240452] vgaarb: setting as boot device: PCI:0000:00:02.0
[    7.276829] vgaarb: device added: PCI:0000:00:02.0,decodes=io+mem,owns=io+mem,locks=none
[    7.284584] vgaarb: loaded
[    7.291567] vgaarb: bridge control possible 0000:00:02.0
[    7.333077] SCSI subsystem initialized
[    7.409949] ACPI: bus type USB registered
[    7.430744] usbcore: registered new interface driver usbfs
[    7.572958] usbcore: registered new interface driver hub
[    7.618326] usbcore: registered new device driver usb
[    7.632931] PCI: Using ACPI for IRQ routing
[    7.637526] NetLabel: Initializing
[    7.685553] NetLabel:  domain hash size = 128
[    7.734852] NetLabel:  protocols = UNLABELED CIPSOv4
[    7.735782] NetLabel:  unlabeled traffic allowed by default
[    7.737005] amd_nb: Cannot enumerate AMD northbridges
[    7.737951] clocksource: Switched to clocksource kvm-clock
[    7.747861] AppArmor: AppArmor Filesystem Enabled
[    7.796583] pnp: PnP ACPI init
[    7.798111] pnp: PnP ACPI: found 3 devices
[    7.809999] clocksource: acpi_pm: mask: 0xffffff max_cycles: 0xffffff, max_idle_ns: 2085701024 ns
[    7.818201] NET: Registered protocol family 2
[    7.858370] TCP established hash table entries: 8192 (order: 4, 65536 bytes)
[    7.942162] TCP bind hash table entries: 8192 (order: 5, 131072 bytes)
[    7.952541] TCP: Hash tables configured (established 8192 bind 8192)
[    7.958238] UDP hash table entries: 512 (order: 2, 16384 bytes)
[    8.114486] UDP-Lite hash table entries: 512 (order: 2, 16384 bytes)
[    8.136121] NET: Registered protocol family 1
[    8.137260] pci 0000:00:00.0: Limiting direct PCI/PCI transfers
[    8.138741] pci 0000:00:01.0: Activating ISA DMA hang workarounds
[    8.140350] Unpacking initramfs...
[   10.023895] Freeing initrd memory: 10932K
[   10.130667] RAPL PMU detected, API unit is 2^-32 Joules, 3 fixed counters 10737418240 ms ovfl timer
[   10.379073] hw unit of domain pp0-core 2^-0 Joules
[   10.445422] hw unit of domain package 2^-0 Joules
[   10.446314] hw unit of domain pp1-gpu 2^-0 Joules
[   10.464562] platform rtc_cmos: registered platform RTC device (no PNP device found)
[   10.466559] Scanning for low memory corruption every 60 seconds
[   10.468460] audit: initializing netlink subsys (disabled)
[   10.470931] audit: type=2000 audit(1528730798.323:1): initialized
[   10.472573] Initialise system trusted keyring
[   10.473974] HugeTLB registered 2 MB page size, pre-allocated 0 pages
[   10.476891] zbud: loaded
[   10.478085] VFS: Disk quotas dquot_6.6.0
[   10.479199] VFS: Dquot-cache hash table entries: 512 (order 0, 4096 bytes)
[   10.481070] squashfs: version 4.0 (2009/01/31) Phillip Lougher
[   10.619167] fuse init (API version 7.23)
[   10.641254] Key type big_key registered
[   10.642085] Allocating IMA MOK and blacklist keyrings.
[   10.644734] Key type asymmetric registered
[   10.748743] Asymmetric key parser 'x509' registered
[   10.767624] Block layer SCSI generic (bsg) driver version 0.4 loaded (major 249)
[   10.769150] io scheduler noop registered
[   10.788674] io scheduler deadline registered (default)
[   10.790915] io scheduler cfq registered
[   10.801133] pci_hotplug: PCI Hot Plug PCI Core version: 0.5
[   10.802165] pciehp: PCI Express Hot Plug Controller Driver version: 0.4
[   10.803445] ACPI: AC Adapter [AC] (on-line)
[   10.804265] input: Power Button as /devices/LNXSYSTM:00/LNXPWRBN:00/input/input0
[   10.805659] ACPI: Power Button [PWRF]
[   10.806468] input: Sleep Button as /devices/LNXSYSTM:00/LNXSLPBN:00/input/input1
[   10.807842] ACPI: Sleep Button [SLPF]
[   10.868349] GHES: HEST is not enabled!
[   10.869136] ACPI: Battery Slot [BAT0] (battery present)
[   10.963235] Serial: 8250/16550 driver, 32 ports, IRQ sharing enabled
[   10.986393] 00:02: ttyS0 at I/O 0x3f8 (irq = 4, base_baud = 115200) is a 16550A
[   11.068102] Linux agpgart interface v0.103
[   11.072742] loop: module loaded
[   11.075302] scsi host0: ata_piix
[   11.076271] scsi host1: ata_piix
[   11.082623] ata1: PATA max UDMA/33 cmd 0x1f0 ctl 0x3f6 bmdma 0xd000 irq 14
[   11.218298] ata2: PATA max UDMA/33 cmd 0x170 ctl 0x376 bmdma 0xd008 irq 15
[   11.291118] libphy: Fixed MDIO Bus: probed
[   11.291940] tun: Universal TUN/TAP device driver, 1.6
[   11.298548] tun: (C) 1999-2004 Max Krasnyansky <maxk@qualcomm.com>
[   11.427866] PPP generic driver version 2.4.2
[   11.533699] tsc: Refined TSC clocksource calibration: 2094.539 MHz
[   11.698436] clocksource: tsc: mask: 0xffffffffffffffff max_cycles: 0x1e3109dd525, max_idle_ns: 440795291253 ns
[   11.698633] ehci_hcd: USB 2.0 'Enhanced' Host Controller (EHCI) Driver
[   11.698640] ehci-pci: EHCI PCI platform driver
[   11.698659] ehci-platform: EHCI generic platform driver
[   11.698668] ohci_hcd: USB 1.1 'Open' Host Controller (OHCI) Driver
[   11.698671] ohci-pci: OHCI PCI platform driver
[   11.698679] ohci-platform: OHCI generic platform driver
[   11.698686] uhci_hcd: USB Universal Host Controller Interface driver
[   11.698751] i8042: PNP: PS/2 Controller [PNP0303:PS2K,PNP0f03:PS2M] at 0x60,0x64 irq 1,12
[   11.795890] serio: i8042 KBD port at 0x60,0x64 irq 1
[   11.795899] serio: i8042 AUX port at 0x60,0x64 irq 12
[   11.796108] mousedev: PS/2 mouse device common for all mice
[   11.796434] rtc_cmos rtc_cmos: rtc core: registered rtc_cmos as rtc0
[   11.796491] rtc_cmos rtc_cmos: alarms up to one day, 114 bytes nvram
[   11.796498] i2c /dev entries driver
[   11.796563] device-mapper: uevent: version 1.0.3
[   11.796623] device-mapper: ioctl: 4.34.0-ioctl (2015-10-28) initialised: dm-devel@redhat.com
[   11.796643] ledtrig-cpu: registered to indicate activity on CPUs
[   11.796989] NET: Registered protocol family 10
[   11.797152] NET: Registered protocol family 17
[   11.797162] Key type dns_resolver registered
[   11.797423] registered taskstats version 1
[   11.797443] Loading compiled-in X.509 certificates
[   11.798715] Loaded X.509 cert 'Build time autogenerated kernel key: 9f6f572a3ee0cb468eb8db4aa61815bc74ef6adb'
[   11.798746] zswap: loaded using pool lzo/zbud
[   11.800578] Key type trusted registered
[   11.803488] Key type encrypted registered
[   11.803494] AppArmor: AppArmor sha1 policy hashing enabled
[   11.803498] ima: No TPM chip found, activating TPM-bypass!
[   11.803522] evm: HMAC attrs: 0x1
[   11.804008]   Magic number: 6:790:436
[   11.804429] rtc_cmos rtc_cmos: setting system clock to 2018-06-11 15:26:42 UTC (1528730802)
[   11.804574] BIOS EDD facility v0.16 2004-Jun-25, 0 devices found
[   11.804575] EDD information not available.
[   11.902691] input: AT Translated Set 2 keyboard as /devices/platform/i8042/serio0/input/input2
[   12.353473] Freeing unused kernel memory: 1512K
[   12.439078] Write protecting the kernel read-only data: 14336k
[   12.440682] Freeing unused kernel memory: 1692K
[   12.441825] Freeing unused kernel memory: 96K
Loading, please wait...
[   12.462981] random: systemd-udevd: uninitialized urandom read (16 bytes read, 2 bits of entropy available)
starting version 229
[   12.467446] random: udevadm: uninitialized urandom read (16 bytes read, 2 bits of entropy available)
[   12.467469] random: udevadm: uninitialized urandom read (16 bytes read, 2 bits of entropy available)
[   12.477812] random: udevadm: uninitialized urandom read (16 bytes read, 2 bits of entropy available)
[   12.477861] random: udevadm: uninitialized urandom read (16 bytes read, 2 bits of entropy available)
[   12.478032] random: udevadm: uninitialized urandom read (16 bytes read, 2 bits of entropy available)
[   12.478100] random: udevadm: uninitialized urandom read (16 bytes read, 2 bits of entropy available)
[   12.478167] random: udevadm: uninitialized urandom read (16 bytes read, 2 bits of entropy available)
[   12.478232] random: udevadm: uninitialized urandom read (16 bytes read, 2 bits of entropy available)
[   12.478359] random: udevadm: uninitialized urandom read (16 bytes read, 2 bits of entropy available)
[   12.622254] e1000: Intel(R) PRO/1000 Network Driver - version 7.3.21-k8-NAPI
[   12.674204] e1000: Copyright (c) 1999-2006 Intel Corporation.
[   12.693863] Fusion MPT base driver 3.04.20
[   12.808791] Copyright (c) 1999-2008 LSI Corporation
[   12.913036] input: ImExPS/2 Generic Explorer Mouse as /devices/platform/i8042/serio1/input/input4
[   12.991309] Fusion MPT SPI Host driver 3.04.20
[   13.015954] AVX version of gcm_enc/dec engaged.
[   13.029191] AES CTR mode by8 optimization enabled
[   13.344410] e1000 0000:00:03.0 eth0: (PCI:33MHz:32-bit) 02:f0:aa:2d:49:f4
[   13.369823] e1000 0000:00:03.0 eth0: Intel(R) PRO/1000 Network Connection
[   13.372257] mptbase: ioc0: Initiating bringup
[   13.434508] ioc0: LSI53C1030 A0: Capabilities={Initiator}
[   13.951577] scsi host2: ioc0: LSI53C1030 A0, FwRev=00000000h, Ports=1, MaxQ=256, IRQ=20
[   14.155031] scsi 2:0:0:0: Direct-Access     VBOX     HARDDISK         1.0  PQ: 0 ANSI: 5
[   14.656680] scsi target2:0:0: Beginning Domain Validation
[   14.791467] scsi target2:0:0: Domain Validation skipping write tests
[   14.969162] scsi target2:0:0: Ending Domain Validation
[   14.970427] scsi target2:0:0: asynchronous
[   14.974142] scsi 2:0:1:0: Direct-Access     VBOX     HARDDISK         1.0  PQ: 0 ANSI: 5
[   15.155165] scsi target2:0:1: Beginning Domain Validation
[   15.173345] scsi target2:0:1: Domain Validation skipping write tests
[   15.174598] scsi target2:0:1: Ending Domain Validation
[   15.183230] scsi target2:0:1: asynchronous
[   15.195226] sd 2:0:0:0: Attached scsi generic sg0 type 0
[   15.203805] sd 2:0:0:0: [sda] 20971520 512-byte logical blocks: (10.7 GB/10.0 GiB)
[   15.206832] sd 2:0:0:0: [sda] Write Protect is off
[   15.212525] sd 2:0:0:0: [sda] Incomplete mode parameter data
[   15.214696] sd 2:0:0:0: [sda] Assuming drive cache: write through
[   15.216198] sd 2:0:1:0: Attached scsi generic sg1 type 0
[   15.217500] sd 2:0:1:0: [sdb] 20480 512-byte logical blocks: (10.5 MB/10.0 MiB)
[   15.219247] sd 2:0:1:0: [sdb] Write Protect is off
[   15.221434] sd 2:0:1:0: [sdb] Incomplete mode parameter data
[   15.223622] sd 2:0:1:0: [sdb] Assuming drive cache: write through
[   15.228368]  sda: sda1
[   15.231047] sd 2:0:0:0: [sda] Attached SCSI disk
[   15.303441] sd 2:0:1:0: [sdb] Attached SCSI disk
[   15.308523] e1000 0000:00:08.0 eth1: (PCI:33MHz:32-bit) 08:00:27:79:80:77
[   15.308529] e1000 0000:00:08.0 eth1: Intel(R) PRO/1000 Network Connection
[   15.358297] e1000 0000:00:08.0 enp0s8: renamed from eth1
[   15.370252] e1000 0000:00:03.0 enp0s3: renamed from eth0
Begin: Loading e[   16.832374] md: linear personality registered for level -1
ssential drivers[   17.482607] md: multipath personality registered for level -4
 ... [   17.610468] md: raid0 personality registered for level 0
[   17.913025] md: raid1 personality registered for level 1
[   18.118001] raid6: sse2x1   gen()  7864 MB/s
[   18.306002] raid6: sse2x1   xor()  6338 MB/s
[   18.378001] raid6: sse2x2   gen()  9829 MB/s
[   18.561990] raid6: sse2x2   xor()  6891 MB/s
[   18.633998] raid6: sse2x4   gen() 11452 MB/s
[   18.814003] raid6: sse2x4   xor()  8100 MB/s
[   18.936262] raid6: using algorithm sse2x4 gen() 11452 MB/s
[   19.020166] raid6: .... xor() 8100 MB/s, rmw enabled
[   19.153924] raid6: using ssse3x2 recovery algorithm
[   19.275696] xor: automatically using best checksumming function:
[   19.509973]    avx       : 30838.000 MB/sec
[   19.670940] async_tx: api initialized (async)
[   19.772323] md: raid6 personality registered for level 6
[   19.798604] md: raid5 personality registered for level 5
[   19.799847] md: raid4 personality registered for level 4
[   19.808604] md: raid10 personality registered for level 10
done.
Begin: Running /scripts/init-premount ... done.
Begin: Mounting root file syst[   19.860166] Btrfs loaded
em ... Begin: Running /scripts/local-top ... done.
Begin: Running /scripts/local-premount ... Scanning for Btrfs filesystems
done.
Warning: fsck no[   20.051327] EXT4-fs (sda1): INFO: recovery required on readonly filesystem
t present, so sk[   20.179401] EXT4-fs (sda1): write access will be enabled during recovery
ipping root file system
[   20.610965] EXT4-fs (sda1): recovery complete
[   20.788845] EXT4-fs (sda1): mounted filesystem with ordered data mode. Opts: (null)
done.
Begin: Running /scripts/local-bottom ... done.
Begin: Running /scripts/init-bottom ... done.
[   21.768184] random: nonblocking pool is initialized
[   22.118928] systemd[1]: systemd 229 running in system mode. (+PAM +AUDIT +SELINUX +IMA +APPARMOR +SMACK +SYSVINIT +UTMP +LIBCRYPTSETUP +GCRYPT +GNUTLS +ACL +XZ -LZ4 +SECCOMP +BLKID +ELFUTILS +KMOD -IDN)
[   22.241095] systemd[1]: Detected virtualization oracle.
[   22.398729] systemd[1]: Detected architecture x86-64.

Welcome to [1mUbuntu 16.04.4 LTS[0m!

[   22.643915] systemd[1]: Set hostname to <ubuntu-xenial>.
[   23.714505] systemd[1]: Started Forward Password Requests to Wall Directory Watch.
[[0;32m  OK  [0m] Started Forward Password Requests to Wall Directory Watch.
[   23.810491] systemd[1]: Listening on LVM2 poll daemon socket.
[[0;32m  OK  [0m] Listening on LVM2 poll daemon socket.
[   23.871141] systemd[1]: Created slice User and Session Slice.
[[0;32m  OK  [0m] Created slice User and Session Slice.
[   23.873562] systemd[1]: Started Trigger resolvconf update for networkd DNS.
[[0;32m  OK  [0m] Started Trigger resolvconf update for networkd DNS.
[   23.876392] systemd[1]: Reached target System Time Synchronized.
[[0;32m  OK  [0m] Reached target System Time Synchronized.
[   23.878895] systemd[1]: Listening on LVM2 metadata daemon socket.
[[0;32m  OK  [0m] Listening on LVM2 metadata daemon socket.
[   23.883707] systemd[1]: Listening on Journal Socket (/dev/log).
[[0;32m  OK  [0m] Listening on Journal Socket (/dev/log).
[   23.887843] systemd[1]: Set up automount Arbitrary Executable File Formats File System Automount Point.
[[0;32m  OK  [0m] Set up automount Arbitrary Executab...ats File System Automount Point.
[   23.895273] systemd[1]: Listening on Journal Audit Socket.
[[0;32m  OK  [0m] Listening on Journal Audit Socket.
[   23.897944] systemd[1]: Reached target Swap.
[[0;32m  OK  [0m] Reached target Swap.
[   23.919110] systemd[1]: Listening on /dev/initctl Compatibility Named Pipe.
[[0;32m  OK  [0m] Listening on /dev/initctl Compatibility Named Pipe.
[   24.558765] systemd[1]: Listening on Device-mapper event daemon FIFOs.
[[0;32m  OK  [0m] Listening on Device-mapper event daemon FIFOs.
[   24.789610] systemd[1]: Listening on udev Kernel Socket.
[[0;32m  OK  [0m] Listening on udev Kernel Socket.
[   24.792049] systemd[1]: Listening on Syslog Socket.
[[0;32m  OK  [0m] Listening on Syslog Socket.
[   24.806718] systemd[1]: Reached target Encrypted Volumes.
[[0;32m  OK  [0m] Reached target Encrypted Volumes.
[   24.818858] systemd[1]: Listening on udev Control Socket.
[[0;32m  OK  [0m] Listening on udev Control Socket.
[   24.838837] systemd[1]: Created slice System Slice.
[[0;32m  OK  [0m] Created slice System Slice.
[   24.849261] systemd[1]: Created slice system-serial\x2dgetty.slice.
[[0;32m  OK  [0m] Created slice system-serial\x2dgetty.slice.
[   24.855320] systemd[1]: Listening on Journal Socket.
[[0;32m  OK  [0m] Listening on Journal Socket.
[   24.870346] systemd[1]: Starting Uncomplicated firewall...
         Starting Uncomplicated firewall...
[   24.883253] systemd[1]: Starting Set console keymap...
         Starting Set console keymap...
[   24.930426] systemd[1]: Starting Load Kernel Modules...
[   25.142951] Loading iSCSI transport class v2.0-870.
         Starting Load Kernel Modules...
[   25.303345] systemd[1]: Starting Journal Service...
[   25.314033] iscsi: registered transport (tcp)
         Starting Journal Service...
[   25.333625] systemd[1]: Starting Create list of required static device nodes for the current kernel...
         Starting Create list of required st... nodes for the current kernel...
[   25.399296] systemd[1]: Starting Nameserver information manager...
         Starting Nameserver information manager...
[   25.714314] systemd[1]: Mounting Huge Pages File System...
         Mounting Huge Pages File System...
[   25.765186] iscsi: registered transport (iser)
[   26.078292] systemd[1]: Starting Remount Root and Kernel File Systems...
         Starting Remount Root and Kernel File Systems...
[   26.091661] systemd[1]: Mounting Debug File System...
         [   26.109725] EXT4-fs (sda1): re-mounted. Opts: (null)
Mounting Debug File System...
[   26.310339] systemd[1]: Reached target Slices.
[[0;32m  OK  [0m] Reached target Slices.
[   26.358368] systemd[1]: Mounting POSIX Message Queue File System...
         Mounting POSIX Message Queue File System...
[   26.554323] systemd[1]: Starting Monitoring of LVM2 mirrors, snapshots etc. using dmeventd or progress polling...
         Starting Monitoring of LVM2 mirrors... dmeventd or progress polling...
[   26.682422] systemd[1]: Reached target User and Group Name Lookups.
[[0;32m  OK  [0m] Reached target User and Group Name Lookups.
[   26.896414] systemd[1]: Mounted Huge Pages File System.
[[0;32m  OK  [0m] Mounted Huge Pages File System.
[   27.022586] systemd[1]: Mounted Debug File System.
[[0;32m  OK  [0m] Mounted Debug File System.
[   27.067776] systemd[1]: Mounted POSIX Message Queue File System.
[[0;32m  OK  [0m] Mounted POSIX Message Queue File System.
[   27.070263] systemd[1]: Started Journal Service.
[[0;32m  OK  [0m] Started Journal Service.
[[0;32m  OK  [0m] Started Uncomplicated firewall.
[[0;32m  OK  [0m] Started Set console keymap.
[[0;32m  OK  [0m] Started Load Kernel Modules.
[[0;32m  OK  [0m] Started Create list of required sta...ce nodes for the current kernel.
[[0;32m  OK  [0m] Started Remount Root and Kernel File Systems.
[[0;32m  OK  [0m] Started Nameserver information manager.
[[0;32m  OK  [0m] Started LVM2 metadata daemon.
         Starting udev Coldplug all Devices...
         Starting Load/Save Random Seed...
         Starting Create Static Device Nodes in /dev...
         Starting Apply Kernel Variables...
         Mounting FUSE Control File System...
         Starting Flush Journal to Persistent Storage...
[[0;32m  OK  [0m] Mounted FUSE Control File System.
[[0;32m  OK  [0m] Started Load/Save Random Seed.
[[0;32m  OK  [0m] Started Create Static Device Nodes in /dev.
[[0;32m  OK  [0m] Started Monitoring of LVM2 mirrors,...ng dmeventd or progress polling.
[[0;32m  OK  [0m] Started Apply Kernel Variables.
[[0;32m  OK  [0m] Started udev Coldplug all Devices.
         Starting udev Kernel Device Manager...
[[0;32m  OK  [0m] Started Flush Journal to Persistent Storage.
[[0;32m  OK  [0m] Started udev Kernel Device Manager.
[[0;32m  OK  [0m] Reached target Local File Systems (Pre).
[[0;32m  OK  [0m] Reached target Local File Systems.
         Starting Create Volatile Files and Directories...
         Starting Initial cloud-init job (pre-networking)...
         Starting Set console font and keymap...
         Starting LSB: AppArmor initialization...
         Starting Tell Plymouth To Write Out Runtime Data...
[[0;32m  OK  [0m] Started Dispatch Password Requests to Console Directory Watch.
[[0;32m  OK  [0m] Found device /dev/ttyS0.
[[0;32m  OK  [0m] Started Tell Plymouth To Write Out Runtime Data.
[[0;32m  OK  [0m] Started Create Volatile Files and Directories.
         Starting Update UTMP about System Boot/Shutdown...
[[0;32m  OK  [0m] Started Update UTMP about System Boot/Shutdown.
[[0;32m  OK  [0m] Found device 82540EM Gigabit Ethern...r (PRO/1000 MT Desktop Adapter).
[[0;32m  OK  [0m] Found device 82540EM Gigabit Ethern...r (PRO/1000 MT Desktop Adapter).
[[0;32m  OK  [0m] Listening on Load/Save RF Kill Switch Status /dev/rfkill Watch.
[[0;32m  OK  [0m] Started Set console font and keymap.
[[0;32m  OK  [0m] Created slice system-getty.slice.
[[0;32m  OK  [0m] Started LSB: AppArmor initialization.
[   25.807979] cloud-init[485]: Cloud-init v. 18.2 running 'init-local' at Mon, 11 Jun 2018 15:27:03 +0000. Up 25.23 seconds.
[[0;32m  OK  [0m] Started Initial cloud-init job (pre-networking).
[[0;32m  OK  [0m] Reached target Network (Pre).
         Starting Raise network interfaces...
[[0;32m  OK  [0m] Started ifup for enp0s3.
[[0;32m  OK  [0m] Started ifup for enp0s8.
[[0;32m  OK  [0m] Started Raise network interfaces.
[[0;32m  OK  [0m] Reached target Network.
         Starting Initial cloud-init job (metadata service crawler)...
[   27.530083] cloud-init[1092]: Cloud-init v. 18.2 running 'init' at Mon, 11 Jun 2018 15:27:04 +0000. Up 26.69 seconds.
[   27.633075] cloud-init[1092]: ci-info: ++++++++++++++++++++++++++++++++++++++Net device info++++++++++++++++++++++++++++++++++++++
[[0;32m  OK  [0m] Started Initial cloud-init job (metadata service crawler).
[   27.633842] cloud-init[1092]: ci-info: +--------+------+-----------------------------+---------------+-------+-------------------+
[   27.675131] cloud-init[1092]: ci-info: | Device |  Up  |           Address           |      Mask     | Scope |     Hw-Address    |
[   27.675345] cloud-init[1092]: ci-info: +--------+------+-----------------------------+---------------+-------+-------------------+
[   27.675561] cloud-init[1092]: ci-info: | enp0s3 | True |          10.0.2.15          | 255.255.255.0 |   .   | 02:f0:aa:2d:49:f4 |
[   27.675777] cloud-init[1092]: ci-info: | enp0s3 | True |  fe80::f0:aaff:fe2d:49f4/64 |       .       |  link | 02:f0:aa:2d:49:f4 |
[   27.675977] cloud-init[1092]: ci-info: | enp0s8 | True |        192.168.50.10        | 255.255.255.0 |   .   | 08:00:27:79:80:77 |
[   27.676404] cloud-init[1092]: ci-info: | enp0s8 | True | fe80::a00:27ff:fe79:8077/64 |       .       |  link | 08:00:27:79:80:77 |
[   27.676602] cloud-init[1092]: ci-info: |   lo   | True |          127.0.0.1          |   255.0.0.0   |   .   |         .         |
[   27.676813] cloud-init[1092]: ci-info: |   lo   | True |           ::1/128           |       .       |  host |         .         |
[   27.677020] cloud-init[1092]: ci-info: +--------+------+-----------------------------+---------------+-------+-------------------+
[   27.677231] cloud-init[1092]: ci-info: ++++++++++++++++++++++++++++Route IPv4 info++++++++++++++++++++++++++++
[   27.677445] cloud-init[1092]: ci-info: +-------+--------------+----------+---------------+-----------+-------+
[   27.677658] cloud-init[1092]: ci-info: | Route | Destination  | Gateway  |    Genmask    | Interface | Flags |
[   27.677871] cloud-init[1092]: ci-info: +-------+--------------+----------+---------------+-----------+-------+
[   27.678078] cloud-init[1092]: ci-info: |   0   |   0.0.0.0    | 10.0.2.2 |    0.0.0.0    |   enp0s3  |   UG  |
[[0;32m  OK  [0m] Reached target Cloud-config availability.
[[   27.678283] cloud-init[1092]: ci-info: |   1   |   10.0.2.0   | 0.0.0.0  | 255.255.255.0 |   enp0s3  |   U   |
[   28.071916] cloud-init[1092]: ci-info: |   2   | 192.168.50.0 | 0.0.0.0  | 255.255.255.0 |   enp0s8  |   U   |
[   28.072968] cloud-init[1092]: ci-info: +-------+--------------+----------+---------------+-----------+-------+
[0;32m  OK  [0m] Reached target System Initialization.
         Starting Socket activation for snappy daemon.
[[0;32m  OK  [0m] Listening on ACPID Listen Socket.
[[0;32m  OK  [0m] Started ACPI Events Check.
[[0;32m  OK  [0m] Reached target Paths.
[[0;32m  OK  [0m] Started Daily Cleanup of Temporary Directories.
         Starting Docker Socket for the API.
[[0;32m  OK  [0m] Listening on UUID daemon activation socket.
[[0;32m  OK  [0m] Listening on D-Bus System Message Bus Socket.
         Starting LXD - unix socket.
[[0;32m  OK  [0m] Started Daily apt download activities.
[[0;32m  OK  [0m] Started Daily apt upgrade and clean activities.
[[0;32m  OK  [0m] Reached target Timers.
[[0;32m  OK  [0m] Reached target Network is Online.
         Starting iSCSI initiator daemon (iscsid)...
[[0;32m  OK  [0m] Listening on Socket activation for snappy daemon.
[[0;32m  OK  [0m] Listening on Docker Socket for the API.
[[0;32m  OK  [0m] Listening on LXD - unix socket.
[[0;32m  OK  [0m] Reached target Sockets.
[[0;32m  OK  [0m] Reached target Basic System.
         Starting LSB: MD monitoring daemon...
         Starting Login Service...
[[0;32m  OK  [0m] Started Deferred execution scheduler.
         Starting Virtualbox guest utils...
[[0;32m  OK  [0m] Started D-Bus System Message Bus.
         Starting Snappy daemon...
         Starting Accounts Service...
         Starting System Logging Service...
[[0;32m  OK  [0m] Started Unattended Upgrades Shutdown.
         Starting Apply the settings specified in cloud-config...
         Starting LXD - container startup/shutdown...
[[0;32m  OK  [0m] Started FUSE filesystem for LXC.
[[0;32m  OK  [0m] Started Regular background program processing daemon.
         Starting Docker Application Container Engine...
         Starting OpenBSD Secure Shell server...
[[0;32m  OK  [0m] Started ACPI event daemon.
         Starting /etc/rc.local Compatibility...
         Starting LSB: Record successful boot for GRUB...
[[0;32m  OK  [0m] Started iSCSI initiator daemon (iscsid).
[[0;32m  OK  [0m] Started /etc/rc.local Compatibility.
         Starting Login to default iSCSI targets...
[[0;32m  OK  [0m] Started Login Service.
[[0;32m  OK  [0m] Started Login to default iSCSI targets.
[[0;32m  OK  [0m] Reached target Remote File Systems (Pre).
[[0;32m  OK  [0m] Reached target Remote File Systems.
         Starting Permit User Sessions...
         Starting LSB: automatic crash report generation...
[   29.490589] cloud-init[1170]: Cloud-init v. 18.2 running 'modules:config' at Mon, 11 Jun 2018 15:27:06 +0000. Up 28.77 seconds.
         Starting LSB: daemon to balance interrupts for SMP systems...
         Starting LSB: Set the CPU Frequency Scaling governor to "ondemand"...
[[0;32m  OK  [0m] Started System Logging Service.
[[0;32m  OK  [0m] Started Apply the settings specified in cloud-config.
[[0;32m  OK  [0m] Started LSB: MD monitoring daemon.
[[0;32m  OK  [0m] Started LSB: Record successful boot for GRUB.
[[0;32m  OK  [0m] Started Permit User Sessions.
         Starting Hold until boot process finishes up...
         Starting Terminate Plymouth Boot Screen...
[[0;32m  OK  [0m] Started LSB: Set the CPU Frequency Scaling governor to "ondemand".
[[0;32m  OK  [0m] Started Hold until boot process finishes up.
[[0;32m  OK  [0m] Started Terminate Plymouth Boot Screen.
[[0;32m  OK  [0m] Started Serial Getty on ttyS0.
         Starting Set console scheme...
[[0;32m  OK  [0m] Started Getty on tty1.
[[0;32m  OK  [0m] Reached target Login Prompts.
[[0;32m  OK  [0m] Started LSB: automatic crash report generation.
[[0;32m  OK  [0m] Started LSB: daemon to balance interrupts for SMP systems.
[[0;32m  OK  [0m] Started Set console scheme.
[[0;32m  OK  [0m] Started Virtualbox guest utils.
[[0;32m  OK  [0m] Started OpenBSD Secure Shell server.
         Starting Authenticate and Authorize Users to Run Privileged Tasks...
[[0;32m  OK  [0m] Started Authenticate and Authorize Users to Run Privileged Tasks.
[[0;32m  OK  [0m] Started Accounts Service.
[[0;32m  OK  [0m] Started Snappy daemon.
[[0;32m  OK  [0m] Started LXD - container startup/shutdown.

Ubuntu 16.04.4 LTS ubuntu-xenial ttyS0

ubuntu-xenial login: [   38.512644] cloud-init[1510]: Cloud-init v. 18.2 running 'modules:final' at Mon, 11 Jun 2018 15:27:16 +0000. Up 38.32 seconds.
[   38.513169] cloud-init[1510]: Cloud-init v. 18.2 finished at Mon, 11 Jun 2018 15:27:16 +0000. Datasource DataSourceNoCloud [seed=/dev/sdb][dsmode=net].  Up 38.50 seconds
[[0;32m  OK  [0m] Stopped targe         Stopping Serial Getty on ttyS0...
         Stopping FUSE filesystem for LXC...
         Stopping Snappy daemon...
         Stopping Deferred execution scheduler...
         Stopping Regular background program processing daemon...
         Stopping LSB: Set the CPU Frequency Scaling governor to "ondemand"...
         Stopping LXD - container startup/shutdown...
         Stopping Unattended Upgrades Shutdown...
         Stopping D-Bus System Message Bus...
         Stopping LSB: MD monitoring daemon...
         Stopping LSB: automatic crash report generation...
         Stopping LSB: Record successful boot for GRUB...
         Stopping Docker Application Container Engine...
         Stopping System Logging Service...
         Stopping LSB: daemon to balance interrupts for SMP systems...
         Stopping OpenBSD Secure Shell server...
         Stopping Virtualbox guest utils...
[[0;32m  OK  [0m] Unmounted /var/lib/lxcfs.
[[0;32m  OK  [0m] Stopped Deferred execution scheduler.
[[0;32m  OK  [0m] Stopped Snappy daemon.
[[0;32m  OK  [0m] Stopped Accounts Service.
[[0;32m  OK  [0m] Stopped System Logging Service.
[[0;32m  OK  [0m] Stopped Regular background program processing daemon.
[[0;32m  OK  [0m] Stopped OpenBSD Secure Shell server.
[[0;32m  OK  [0m] Stopped ACPI event daemon.
[[0;32m  OK  [0m] Stopped Serial Getty on ttyS0.
[[0;32m  OK  [0m] Stopped Getty on tty1.
[[0;32m  OK  [0m] Stopped Authenticate and Authorize Users to Run Privileged Tasks.
[[0;32m  OK  [0m] Stopped User Manager for UID 1000.
[[0;32m  OK  [0m] Stopped Session 1 of user vagrant.
[[0;32m  OK  [0m] Stopped Unattended Upgrades Shutdown.
[[0;32m  OK  [0m] Stopped D-Bus System Message Bus.
[[0;32m  OK  [0m] Stopped FUSE filesystem for LXC.
[[0;32m  OK  [0m] Stopped LSB: Set the CPU Frequency Scaling governor to "ondemand".
[[0;32m  OK  [0m] Stopped LXD - container startup/shutdown.
[[0;32m  OK  [0m] Stopped LSB: MD monitoring daemon.
[[0;32m  OK  [0m] Stopped LSB: automatic crash report generation.
[[0;32m  OK  [0m] Stopped LSB: Record successful boot for GRUB.
[[0;32m  OK  [0m] Stopped LSB: daemon to balance interrupts for SMP systems.
[[0;32m  OK  [0m] Stopped Virtualbox guest utils.
[[0;32m  OK  [0m] Removed slice User Slice of vagrant.
         Stopping Login Service...
[[0;32m  OK  [0m] Removed slice system-getty.slice.
         Stopping Permit User Sessions...
[[0;32m  OK  [0m] Stopped /etc/rc.local Compatibility.
[[0;32m  OK  [0m] Removed slice system-serial\x2dgetty.slice.
[[0;32m  OK  [0m] Stopped Permit User Sessions.
[[0;32m  OK  [0m] Stopped target Remote File Systems.
[[0;32m  OK  [0m] Stopped target Remote File Systems (Pre).
         Stopping Login to default iSCSI targets...
[[0;32m  OK  [0m] Stopped Login Service.
[[0;32m  OK  [0m] Stopped target User and Group Name Lookups.
[[0;32m  OK  [0m] Stopped Docker Application Container Engine.
[[0;32m  OK  [0m] Stopped Login to default iSCSI targets.
         Stopping iSCSI initiator daemon (iscsid)...
[[0;32m  OK  [0m] Stopped target Basic System.
[[0;32m  OK  [0m] Stopped target Sockets.
[[0;32m  OK  [0m] Closed Socket activation for snappy daemon.
[[0;32m  OK  [0m] Closed Syslog Socket.
[[0;32m  OK  [0m] Closed UUID daemon activation socket.
[[0;32m  OK  [0m] Closed LXD - unix socket.
[[0;32m  OK  [0m] Closed ACPID Listen Socket.
[[0;32m  OK  [0m] Closed D-Bus System Message Bus Socket.
[[0;32m  OK  [0m] Stopped target Paths.
[[0;32m  OK  [0m] Stopped Dispatch Password Requests to Console Directory Watch.
[[0;32m  OK  [0m] Stopped ACPI Events Check.
[[0;32m  OK  [0m] Stopped Forward Password Requests to Wall Directory Watch.
[[0;32m  OK  [0m] Stopped target Slices.
[[0;32m  OK  [0m] Removed slice User and Session Slice.
[[0;32m  OK  [0m] Closed Docker Socket for the API.
[[0;32m  OK  [0m] Stopped target System Initialization.
[[0;32m  OK  [0m] Stopped target Swap.
         Stopping Load/Save Random Seed...
         Stopping Update UTMP about System Boot/Shutdown...
[[0;32m  OK  [0m] Stopped target Encrypted Volumes.
[[0;32m  OK  [0m] Stopped iSCSI initiator daemon (iscsid).
[[0;32m  OK  [0m] Stopped Load/Save Random Seed.
[[0;32m  OK  [0m] Stopped Update UTMP about System Boot/Shutdown.
[[0;32m  OK  [0m] Stopped Create Volatile Files and Directories.
[[0;32m  OK  [0m] Stopped target Network is Online.
[[0;32m  OK  [0m] Stopped Initial cloud-init job (metadata service crawler).
[[0;32m  OK  [0m] Stopped target Network.
         Stopping Raise network interfaces...
[[0;32m  OK  [0m] Stopped Raise network interfaces.
[[0;32m  OK  [0m] Stopped target Local File Systems.
         Unmounting /run/user/1000...
[[0;32m  OK  [0m] Stopped Apply Kernel Variables.
[[0;32m  OK  [0m] Stopped Load Kernel Modules.
[[0;32m  OK  [0m] Stopped target Network (Pre).
[[0;32m  OK  [0m] Stopped Initial cloud-init job (pre-networking).
[[0;32m  OK  [0m] Unmounted /run/user/1000.
[[0;32m  OK  [0m] Reached target Unmount All Filesystems.
[[0;32m  OK  [0m] Stopped target Local File Systems (Pre).
[[0;32m  OK  [0m] Stopped Remount Root and Kernel File Systems.
         Stopping Monitoring of LVM2 mirrors... dmeventd or progress polling...
[[0;32m  OK  [0m] Stopped Create Static Device Nodes in /dev.
[[0;32m  OK  [0m] Reached target Shutdown.
[  239.086819] reboot: Power down
